2018/04/03 09:22:11 [trace] [system.CModule] Loading "log" application component
in /var/www/icook.vn/icook/web/index.php (22)
2018/04/03 09:22:11 [trace] [system.CModule] Loading "request" application component
in /var/www/icook.vn/gxc-cms-2-master/core/cms/extensions/yii-debug-toolbar/YiiDebugToolbarRoute.php (112)
in /var/www/icook.vn/icook/web/index.php (22)
2018/04/03 09:22:11 [trace] [system.CModule] Loading "urlManager" application component
in /var/www/icook.vn/gxc-cms-2-master/core/cms/components/HttpRequest.php (66)
in /var/www/icook.vn/gxc-cms-2-master/core/cms/components/HttpRequest.php (13)
in /var/www/icook.vn/gxc-cms-2-master/core/cms/extensions/yii-debug-toolbar/YiiDebugToolbarRoute.php (112)
2018/04/03 09:22:11 [trace] [system.CModule] Loading "db" application component
in /var/www/icook.vn/gxc-cms-2-master/core/cms/components/FeController.php (38)
in /var/www/icook.vn/icook/web/protected/controllers/PageController.php (16)
in /var/www/icook.vn/icook/web/index.php (22)
2018/04/03 09:22:11 [trace] [system.db.CDbConnection] Opening DB connection
in /var/www/icook.vn/gxc-cms-2-master/core/cms/components/FeController.php (38)
in /var/www/icook.vn/icook/web/protected/controllers/PageController.php (16)
in /var/www/icook.vn/icook/web/index.php (22)
2018/04/03 09:22:11 [trace] [system.db.CDbCommand] Querying SQL: SELECT * FROM gxc_page WHERE slug=:slug limit 1. Bound with :slug='about-us'
in /var/www/icook.vn/gxc-cms-2-master/core/cms/components/FeController.php (41)
in /var/www/icook.vn/icook/web/protected/controllers/PageController.php (16)
in /var/www/icook.vn/icook/web/index.php (22)
2018/04/03 09:22:11 [trace] [system.CModule] Loading "assetManager" application component
in /var/www/icook.vn/gxc-cms-2-master/core/cms/components/GxcHelpers.php (217)
in /var/www/icook.vn/icook/common/layouts/icook/main.php (2)
in /var/www/icook.vn/gxc-cms-2-master/core/cms/components/FeController.php (90)
2018/04/03 09:22:11 [trace] [system.CModule] Loading "widgetFactory" application component
in /var/www/icook.vn/icook/common/layouts/icook/header.php (21)
in /var/www/icook.vn/icook/common/layouts/icook/main.php (4)
in /var/www/icook.vn/gxc-cms-2-master/core/cms/components/FeController.php (90)
2018/04/03 09:22:11 [trace] [system.db.CDbCommand] Querying SQL: SELECT b.block_id,b.name,b.type,b.params FROM
            	gxc_page_block pb INNER JOIN gxc_block b ON
            	pb.block_id=b.block_id
            	WHERE page_id=:paramId and pb.region=:regionId and pb.status=:status
            	order by pb.block_order ASC limit 20. Bound with :paramId='8', :regionId='3', :status=1
in /var/www/icook.vn/gxc-cms-2-master/core/cms/widgets/BlockRenderWidget.php (46)
in /var/www/icook.vn/gxc-cms-2-master/core/cms/widgets/BlockRenderWidget.php (29)
in /var/www/icook.vn/icook/common/layouts/icook/header.php (21)
2018/04/03 09:22:11 [trace] [system.CModule] Loading "settings" application component
in /var/www/icook.vn/gxc-cms-2-master/core/cms/globals.php (137)
in /var/www/icook.vn/icook/common/layouts/icook/main.php (13)
in /var/www/icook.vn/gxc-cms-2-master/core/cms/components/FeController.php (90)
2018/04/03 09:22:11 [trace] [system.CModule] Loading "cache" application component
in /var/www/icook.vn/gxc-cms-2-master/core/cms/extensions/settings/CmsSettings.php (400)
in /var/www/icook.vn/gxc-cms-2-master/core/cms/extensions/settings/CmsSettings.php (243)
in /var/www/icook.vn/gxc-cms-2-master/core/cms/extensions/settings/CmsSettings.php (96)
2018/04/03 09:22:11 [trace] [system.caching.CFileCache] Serving "general_global_website_settings" from cache
in /var/www/icook.vn/gxc-cms-2-master/core/cms/extensions/settings/CmsSettings.php (243)
in /var/www/icook.vn/gxc-cms-2-master/core/cms/extensions/settings/CmsSettings.php (96)
in /var/www/icook.vn/icook/common/layouts/icook/main.php (13)
2018/04/03 09:22:11 [trace] [system.caching.CFileCache] Serving "__cache_registry_global_website_settings" from cache
in /var/www/icook.vn/gxc-cms-2-master/core/cms/extensions/settings/CmsSettings.php (170)
in /var/www/icook.vn/gxc-cms-2-master/core/cms/extensions/settings/CmsSettings.php (189)
in /var/www/icook.vn/gxc-cms-2-master/core/cms/extensions/settings/CmsSettings.php (245)
2018/04/03 09:22:11 [trace] [system.db.CDbCommand] Querying SQL: SELECT b.block_id,b.name,b.type,b.params FROM
            	gxc_page_block pb INNER JOIN gxc_block b ON
            	pb.block_id=b.block_id
            	WHERE page_id=:paramId and pb.region=:regionId and pb.status=:status
            	order by pb.block_order ASC limit 20. Bound with :paramId='8', :regionId='0', :status=1
in /var/www/icook.vn/gxc-cms-2-master/core/cms/widgets/BlockRenderWidget.php (46)
in /var/www/icook.vn/gxc-cms-2-master/core/cms/widgets/BlockRenderWidget.php (29)
in /var/www/icook.vn/icook/common/layouts/icook/main.php (17)
2018/04/03 09:22:11 [trace] [system.caching.CFileCache] Serving "menu_r0_1" from cache
in /var/www/icook.vn/icook/common/blocks/menu/MenuBlock.php (39)
in /var/www/icook.vn/icook/common/blocks/menu/MenuBlock.php (29)
in /var/www/icook.vn/gxc-cms-2-master/core/cms/widgets/BlockRenderWidget.php (73)
2018/04/03 09:22:11 [trace] [system.caching.CFileCache] Serving "Yii.COutputCache.menu-render-header1..page/render...." from cache
in /var/www/icook.vn/icook/common/blocks/menu/menu_block_output.php (2)
in /var/www/icook.vn/icook/common/blocks/menu/MenuBlock.php (46)
in /var/www/icook.vn/icook/common/blocks/menu/MenuBlock.php (29)
2018/04/03 09:22:11 [trace] [system.db.CDbCommand] Querying SQL: SELECT b.block_id,b.name,b.type,b.params FROM
            	gxc_page_block pb INNER JOIN gxc_block b ON
            	pb.block_id=b.block_id
            	WHERE page_id=:paramId and pb.region=:regionId and pb.status=:status
            	order by pb.block_order ASC limit 20. Bound with :paramId='8', :regionId='1', :status=1
in /var/www/icook.vn/gxc-cms-2-master/core/cms/widgets/BlockRenderWidget.php (46)
in /var/www/icook.vn/gxc-cms-2-master/core/cms/widgets/BlockRenderWidget.php (29)
in /var/www/icook.vn/icook/common/layouts/icook/main.php (37)
2018/04/03 09:22:11 [trace] [system.caching.CFileCache] Serving "yii:dbschemamysql:host=localhost;dbname=icook:root:{{content_list}}" from cache
in /var/www/icook.vn/gxc-cms-2-master/core/cms/models/page/ContentList.php (48)
in /var/www/icook.vn/gxc-cms-2-master/core/cms/components/GxcHelpers.php (535)
in /var/www/icook.vn/icook/common/blocks/about_us/About_usBlock.php (80)
2018/04/03 09:22:11 [trace] [system.db.ar.CActiveRecord] ContentList.findByPk()
in /var/www/icook.vn/gxc-cms-2-master/core/cms/components/GxcHelpers.php (535)
in /var/www/icook.vn/icook/common/blocks/about_us/About_usBlock.php (80)
in /var/www/icook.vn/icook/common/blocks/about_us/about_us_block_output.php (5)
2018/04/03 09:22:11 [trace] [system.db.CDbCommand] Querying SQL: SELECT * FROM `gxc_content_list` `t` WHERE `t`.`content_list_id`='56' LIMIT 1
in /var/www/icook.vn/gxc-cms-2-master/core/cms/components/GxcHelpers.php (535)
in /var/www/icook.vn/icook/common/blocks/about_us/About_usBlock.php (80)
in /var/www/icook.vn/icook/common/blocks/about_us/about_us_block_output.php (5)
2018/04/03 09:22:11 [trace] [system.caching.CFileCache] Serving "yii:dbschemamysql:host=localhost;dbname=icook:root:{{object}}" from cache
in /var/www/icook.vn/gxc-cms-2-master/core/cms/components/GxcHelpers.php (661)
in /var/www/icook.vn/icook/common/blocks/about_us/About_usBlock.php (80)
in /var/www/icook.vn/icook/common/blocks/about_us/about_us_block_output.php (5)
2018/04/03 09:22:11 [trace] [system.db.ar.CActiveRecord] Object.count()
in /var/www/icook.vn/icook/common/blocks/about_us/about_us_block_output.php (12)
in /var/www/icook.vn/icook/common/blocks/about_us/About_usBlock.php (46)
in /var/www/icook.vn/icook/common/blocks/about_us/About_usBlock.php (36)
2018/04/03 09:22:11 [trace] [system.db.CDbCommand] Querying SQL: SELECT COUNT(*) FROM `gxc_object` `t` WHERE object_id IN (14). Bound with :status=1, :time=1522722131
in /var/www/icook.vn/icook/common/blocks/about_us/about_us_block_output.php (12)
in /var/www/icook.vn/icook/common/blocks/about_us/About_usBlock.php (46)
in /var/www/icook.vn/icook/common/blocks/about_us/About_usBlock.php (36)
2018/04/03 09:22:11 [trace] [system.db.ar.CActiveRecord] Object.findAll()
in /var/www/icook.vn/icook/common/blocks/about_us/about_us_block_output.php (12)
in /var/www/icook.vn/icook/common/blocks/about_us/About_usBlock.php (46)
in /var/www/icook.vn/icook/common/blocks/about_us/About_usBlock.php (36)
2018/04/03 09:22:11 [trace] [system.db.CDbCommand] Querying SQL: SELECT * FROM `gxc_object` `t` WHERE object_id IN (14) ORDER BY FIELD(t.object_id, 14) LIMIT 1. Bound with :status=1, :time=1522722131
in /var/www/icook.vn/icook/common/blocks/about_us/about_us_block_output.php (12)
in /var/www/icook.vn/icook/common/blocks/about_us/About_usBlock.php (46)
in /var/www/icook.vn/icook/common/blocks/about_us/About_usBlock.php (36)
2018/04/03 09:22:11 [trace] [system.CModule] Loading "clientScript" application component
in /var/www/icook.vn/icook/common/blocks/about_us/about_us_block_output.php (12)
in /var/www/icook.vn/icook/common/blocks/about_us/About_usBlock.php (46)
in /var/www/icook.vn/icook/common/blocks/about_us/About_usBlock.php (36)
2018/04/03 09:22:11 [trace] [system.caching.CFileCache] Serving "class-of-content-typeabout" from cache
in /var/www/icook.vn/gxc-cms-2-master/core/cms/components/GxcHelpers.php (253)
in /var/www/icook.vn/gxc-cms-2-master/core/cms/models/object/Object.php (603)
in /var/www/icook.vn/icook/common/blocks/about_us/item_render.php (4)
2018/04/03 09:22:11 [trace] [system.CModule] Loading "coreMessages" application component
in /var/www/icook.vn/icook/common/blocks/about_us/about_us_block_output.php (12)
in /var/www/icook.vn/icook/common/blocks/about_us/About_usBlock.php (46)
in /var/www/icook.vn/icook/common/blocks/about_us/About_usBlock.php (36)
2018/04/03 09:22:11 [trace] [system.db.CDbCommand] Querying SQL: SELECT b.block_id,b.name,b.type,b.params FROM
            	gxc_page_block pb INNER JOIN gxc_block b ON
            	pb.block_id=b.block_id
            	WHERE page_id=:paramId and pb.region=:regionId and pb.status=:status
            	order by pb.block_order ASC limit 20. Bound with :paramId='8', :regionId='2', :status=1
in /var/www/icook.vn/gxc-cms-2-master/core/cms/widgets/BlockRenderWidget.php (46)
in /var/www/icook.vn/gxc-cms-2-master/core/cms/widgets/BlockRenderWidget.php (29)
in /var/www/icook.vn/icook/common/layouts/icook/sidebar.php (11)
2018/04/03 09:22:11 [trace] [system.db.ar.CActiveRecord] ContentList.findByPk()
in /var/www/icook.vn/gxc-cms-2-master/core/cms/components/GxcHelpers.php (535)
in /var/www/icook.vn/icook/common/blocks/lvpopular/LvpopularBlock.php (80)
in /var/www/icook.vn/icook/common/blocks/lvpopular/lvpopular_block_output.php (5)
2018/04/03 09:22:11 [trace] [system.db.CDbCommand] Querying SQL: SELECT * FROM `gxc_content_list` `t` WHERE `t`.`content_list_id`='53' LIMIT 1
in /var/www/icook.vn/gxc-cms-2-master/core/cms/components/GxcHelpers.php (535)
in /var/www/icook.vn/icook/common/blocks/lvpopular/LvpopularBlock.php (80)
in /var/www/icook.vn/icook/common/blocks/lvpopular/lvpopular_block_output.php (5)
2018/04/03 09:22:11 [trace] [system.db.ar.CActiveRecord] Object.count()
in /var/www/icook.vn/icook/common/blocks/lvpopular/lvpopular_block_output.php (12)
in /var/www/icook.vn/icook/common/blocks/lvpopular/LvpopularBlock.php (46)
in /var/www/icook.vn/icook/common/blocks/lvpopular/LvpopularBlock.php (36)
2018/04/03 09:22:11 [trace] [system.db.CDbCommand] Querying SQL: SELECT COUNT(*) FROM `gxc_object` `t` WHERE object_id IN (10,11,12). Bound with :status=1, :time=1522722131
in /var/www/icook.vn/icook/common/blocks/lvpopular/lvpopular_block_output.php (12)
in /var/www/icook.vn/icook/common/blocks/lvpopular/LvpopularBlock.php (46)
in /var/www/icook.vn/icook/common/blocks/lvpopular/LvpopularBlock.php (36)
2018/04/03 09:22:11 [trace] [system.db.ar.CActiveRecord] Object.findAll()
in /var/www/icook.vn/icook/common/blocks/lvpopular/lvpopular_block_output.php (12)
in /var/www/icook.vn/icook/common/blocks/lvpopular/LvpopularBlock.php (46)
in /var/www/icook.vn/icook/common/blocks/lvpopular/LvpopularBlock.php (36)
2018/04/03 09:22:11 [trace] [system.db.CDbCommand] Querying SQL: SELECT * FROM `gxc_object` `t` WHERE object_id IN (10,11,12) ORDER BY FIELD(t.object_id, 10,11,12) LIMIT 3. Bound with :status=1, :time=1522722131
in /var/www/icook.vn/icook/common/blocks/lvpopular/lvpopular_block_output.php (12)
in /var/www/icook.vn/icook/common/blocks/lvpopular/LvpopularBlock.php (46)
in /var/www/icook.vn/icook/common/blocks/lvpopular/LvpopularBlock.php (36)
2018/04/03 09:22:11 [trace] [system.caching.CFileCache] Serving "class-of-content-typearticle" from cache
in /var/www/icook.vn/gxc-cms-2-master/core/cms/components/GxcHelpers.php (253)
in /var/www/icook.vn/gxc-cms-2-master/core/cms/models/object/Object.php (603)
in /var/www/icook.vn/icook/common/blocks/lvpopular/item_render.php (4)
2018/04/03 09:22:11 [trace] [system.caching.CFileCache] Serving "class-of-content-typearticle" from cache
in /var/www/icook.vn/gxc-cms-2-master/core/cms/components/GxcHelpers.php (253)
in /var/www/icook.vn/gxc-cms-2-master/core/cms/models/object/Object.php (603)
in /var/www/icook.vn/icook/common/blocks/lvpopular/item_render.php (4)
2018/04/03 09:22:11 [trace] [system.caching.CFileCache] Serving "class-of-content-typearticle" from cache
in /var/www/icook.vn/gxc-cms-2-master/core/cms/components/GxcHelpers.php (253)
in /var/www/icook.vn/gxc-cms-2-master/core/cms/models/object/Object.php (603)
in /var/www/icook.vn/icook/common/blocks/lvpopular/item_render.php (4)
